# JRE version: OpenJDK Runtime Environment (17.0.7) (build 17.0.7+0-17.0.7b1000.6-10550314)
# Java VM: OpenJDK 64-Bit Server VM (17.0.7+0-17.0.7b1000.6-10550314, mixed mode, tiered, compressed oops, compressed class ptrs, g1 gc, bsd-aarch64)
GC Precious Log:
 CPUs: 8 total, 8 available
 Memory: 16384M
 Large Page Support: Disabled
 NUMA Support: Disabled
 Compressed Oops: Enabled (Zero based)
 Heap Region Size: 1M
 Heap Min Capacity: 8M
 Heap Initial Capacity: 256M
 Heap Max Capacity: 1536M
 Pre-touch: Disabled
 Parallel Workers: 8
 Concurrent Workers: 2
 Concurrent Refinement Workers: 8
 Periodic GC: Disabled
Heap:
 garbage-first heap   total 279552K, used 158767K [0x00000007a0000000, 0x0000000800000000)
  region size 1024K, 10 young (10240K), 2 survivors (2048K)
 Metaspace       used 142003K, committed 142784K, reserved 1179648K
  class space    used 19862K, committed 20224K, reserved 1048576K
GC Heap History (20 events):
Event: 22.169 GC heap before
{Heap before GC invocations=48 (full 0):
 garbage-first heap   total 279552K, used 207497K [0x00000007a0000000, 0x0000000800000000)
  region size 1024K, 110 young (112640K), 4 survivors (4096K)
 Metaspace       used 95578K, committed 96128K, reserved 1179648K
  class space    used 13304K, committed 13568K, reserved 1048576K
}
Event: 22.185 GC heap after
{Heap after GC invocations=49 (full 0):
 garbage-first heap   total 279552K, used 107700K [0x00000007a0000000, 0x0000000800000000)
  region size 1024K, 11 young (11264K), 11 survivors (11264K)
 Metaspace       used 95578K, committed 96128K, reserved 1179648K
  class space    used 13304K, committed 13568K, reserved 1048576K
}
Event: 22.198 GC heap before
{Heap before GC invocations=49 (full 0):
 garbage-first heap   total 279552K, used 109748K [0x00000007a0000000, 0x0000000800000000)
  region size 1024K, 13 young (13312K), 11 survivors (11264K)
 Metaspace       used 95591K, committed 96192K, reserved 1179648K
  class space    used 13304K, committed 13568K, reserved 1048576K
}
Event: 22.207 GC heap after
{Heap after GC invocations=50 (full 0):
 garbage-first heap   total 279552K, used 108510K [0x00000007a0000000, 0x0000000800000000)
  region size 1024K, 2 young (2048K), 2 survivors (2048K)
 Metaspace       used 95591K, committed 96192K, reserved 1179648K
  class space    used 13304K, committed 13568K, reserved 1048576K
}
Event: 26.529 GC heap before
{Heap before GC invocations=50 (full 0):
 garbage-first heap   total 279552K, used 213982K [0x00000007a0000000, 0x0000000800000000)
  region size 1024K, 106 young (108544K), 2 survivors (2048K)
 Metaspace       used 100157K, committed 100736K, reserved 1179648K
  class space    used 13935K, committed 14208K, reserved 1048576K
}
Event: 26.540 GC heap after
{Heap after GC invocations=51 (full 0):
 garbage-first heap   total 279552K, used 113568K [0x00000007a0000000, 0x0000000800000000)
  region size 1024K, 7 young (7168K), 7 survivors (7168K)
 Metaspace       used 100157K, committed 100736K, reserved 1179648K
  class space    used 13935K, committed 14208K, reserved 1048576K
}
Event: 31.434 GC heap before
{Heap before GC invocations=51 (full 0):
 garbage-first heap   total 279552K, used 225184K [0x00000007a0000000, 0x0000000800000000)
  region size 1024K, 111 young (113664K), 7 survivors (7168K)
 Metaspace       used 105027K, committed 105728K, reserved 1179648K
  class space    used 14518K, committed 14848K, reserved 1048576K
}
Event: 31.439 GC heap after
{Heap after GC invocations=52 (full 0):
 garbage-first heap   total 279552K, used 119625K [0x00000007a0000000, 0x0000000800000000)
  region size 1024K, 12 young (12288K), 12 survivors (12288K)
 Metaspace       used 105027K, committed 105728K, reserved 1179648K
  class space    used 14518K, committed 14848K, reserved 1048576K
}
Event: 33.362 GC heap before
{Heap before GC invocations=52 (full 0):
 garbage-first heap   total 279552K, used 232265K [0x00000007a0000000, 0x0000000800000000)
  region size 1024K, 115 young (117760K), 12 survivors (12288K)
 Metaspace       used 118739K, committed 119488K, reserved 1179648K
  class space    used 16052K, committed 16448K, reserved 1048576K
}
Event: 33.371 GC heap after
{Heap after GC invocations=53 (full 0):
 garbage-first heap   total 279552K, used 139820K [0x00000007a0000000, 0x0000000800000000)
  region size 1024K, 15 young (15360K), 15 survivors (15360K)
 Metaspace       used 118739K, committed 119488K, reserved 1179648K
  class space    used 16052K, committed 16448K, reserved 1048576K
}
Event: 33.712 GC heap before
{Heap before GC invocations=53 (full 0):
 garbage-first heap   total 279552K, used 223788K [0x00000007a0000000, 0x0000000800000000)
  region size 1024K, 97 young (99328K), 15 survivors (15360K)
 Metaspace       used 124481K, committed 125184K, reserved 1179648K
  class space    used 17015K, committed 17408K, reserved 1048576K
}
Event: 33.719 GC heap after
{Heap after GC invocations=54 (full 0):
 garbage-first heap   total 279552K, used 145735K [0x00000007a0000000, 0x0000000800000000)
  region size 1024K, 5 young (5120K), 5 survivors (5120K)
 Metaspace       used 124481K, committed 125184K, reserved 1179648K
  class space    used 17015K, committed 17408K, reserved 1048576K
}
Event: 36.508 GC heap before
{Heap before GC invocations=54 (full 0):
 garbage-first heap   total 279552K, used 226631K [0x00000007a0000000, 0x0000000800000000)
  region size 1024K, 85 young (87040K), 5 survivors (5120K)
 Metaspace       used 125876K, committed 126656K, reserved 1179648K
  class space    used 17143K, committed 17536K, reserved 1048576K
}
Event: 36.516 GC heap after
{Heap after GC invocations=55 (full 0):
 garbage-first heap   total 279552K, used 148238K [0x00000007a0000000, 0x0000000800000000)
  region size 1024K, 10 young (10240K), 10 survivors (10240K)
 Metaspace       used 125876K, committed 126656K, reserved 1179648K
  class space    used 17143K, committed 17536K, reserved 1048576K
}
Event: 36.899 GC heap before
{Heap before GC invocations=56 (full 0):
 garbage-first heap   total 279552K, used 231182K [0x00000007a0000000, 0x0000000800000000)
  region size 1024K, 88 young (90112K), 10 survivors (10240K)
 Metaspace       used 128665K, committed 129408K, reserved 1179648K
  class space    used 17561K, committed 17920K, reserved 1048576K
}
Event: 36.906 GC heap after
{Heap after GC invocations=57 (full 0):
 garbage-first heap   total 279552K, used 154760K [0x00000007a0000000, 0x0000000800000000)
  region size 1024K, 6 young (6144K), 6 survivors (6144K)
 Metaspace       used 128665K, committed 129408K, reserved 1179648K
  class space    used 17561K, committed 17920K, reserved 1048576K
}
Event: 36.933 GC heap before
{Heap before GC invocations=57 (full 0):
 garbage-first heap   total 279552K, used 160904K [0x00000007a0000000, 0x0000000800000000)
  region size 1024K, 13 young (13312K), 6 survivors (6144K)
 Metaspace       used 129178K, committed 129920K, reserved 1179648K
  class space    used 17650K, committed 18048K, reserved 1048576K
}
Event: 36.935 GC heap after
{Heap after GC invocations=58 (full 0):
 garbage-first heap   total 279552K, used 150594K [0x00000007a0000000, 0x0000000800000000)
  region size 1024K, 1 young (1024K), 1 survivors (1024K)
 Metaspace       used 129178K, committed 129920K, reserved 1179648K
  class space    used 17650K, committed 18048K, reserved 1048576K
}
Event: 37.381 GC heap before
{Heap before GC invocations=58 (full 0):
 garbage-first heap   total 279552K, used 228418K [0x00000007a0000000, 0x0000000800000000)
  region size 1024K, 78 young (79872K), 1 survivors (1024K)
 Metaspace       used 141437K, committed 142208K, reserved 1179648K
  class space    used 19774K, committed 20160K, reserved 1048576K
}
Event: 37.384 GC heap after
{Heap after GC invocations=59 (full 0):
 garbage-first heap   total 279552K, used 151599K [0x00000007a0000000, 0x0000000800000000)
  region size 1024K, 2 young (2048K), 2 survivors (2048K)
 Metaspace       used 141437K, committed 142208K, reserved 1179648K
  class space    used 19774K, committed 20160K, reserved 1048576K
}

